Using built-in specs.
COLLECT_GCC=g++
COLLECT_LTO_WRAPPER=/usr/lib/gcc/x86_64-linux-gnu/10/lto-wrapper
OFFLOAD_TARGET_NAMES=nvptx-none:amdgcn-amdhsa:hsa
OFFLOAD_TARGET_DEFAULT=1
Target: x86_64-linux-gnu
Configured with: ../src/configure -v --with-pkgversion='Ubuntu 10.5.0-1ubuntu1~20.04' --with-bugurl=file:///usr/share/doc/gcc-10/README.Bugs --enable-languages=c,ada,c++,go,brig,d,fortran,objc,obj-c++,m2 --prefix=/usr --with-gcc-major-version-only --program-suffix=-10 --program-prefix=x86_64-linux-gnu- --enable-shared --enable-linker-build-id --libexecdir=/usr/lib --without-included-gettext --enable-threads=posix --libdir=/usr/lib --enable-nls --enable-bootstrap --enable-clocale=gnu --enable-libstdcxx-debug --enable-libstdcxx-time=yes --with-default-libstdcxx-abi=new --enable-gnu-unique-object --disable-vtable-verify --enable-plugin --enable-default-pie --with-system-zlib --enable-libphobos-checking=release --with-target-system-zlib=auto --enable-objc-gc=auto --enable-multiarch --disable-werror --with-arch-32=i686 --with-abi=m64 --with-multilib-list=m32,m64,mx32 --enable-multilib --with-tune=generic --enable-offload-targets=nvptx-none=/build/gcc-10-g5VkgL/gcc-10-10.5.0/debian/tmp-nvptx/usr,amdgcn-amdhsa=/build/gcc-10-g5VkgL/gcc-10-10.5.0/debian/tmp-gcn/usr,hsa --without-cuda-driver --enable-checking=release --build=x86_64-linux-gnu --host=x86_64-linux-gnu --target=x86_64-linux-gnu --with-build-config=bootstrap-lto-lean --enable-link-mutex
Thread model: posix
Supported LTO compression algorithms: zlib zstd
gcc version 10.5.0 (Ubuntu 10.5.0-1ubuntu1~20.04) 
COLLECT_GCC_OPTIONS='-Wall' '-Wextra' '-Wpedantic' '-v' '-save-temps' '-ftime-report' '-o' 'build/log_component.exe' '-shared-libgcc' '-mtune=generic' '-march=x86-64'
 /usr/lib/gcc/x86_64-linux-gnu/10/cc1plus -E -quiet -v -imultiarch x86_64-linux-gnu -D_GNU_SOURCE log_main.cpp -mtune=generic -march=x86-64 -Wall -Wextra -Wpedantic -ftime-report -fpch-preprocess -fasynchronous-unwind-tables -fstack-protector-strong -Wformat-security -fstack-clash-protection -fcf-protection -o log_main.ii
ignoring duplicate directory "/usr/include/x86_64-linux-gnu/c++/10"
ignoring nonexistent directory "/usr/local/include/x86_64-linux-gnu"
ignoring nonexistent directory "/usr/lib/gcc/x86_64-linux-gnu/10/include-fixed"
ignoring nonexistent directory "/usr/lib/gcc/x86_64-linux-gnu/10/../../../../x86_64-linux-gnu/include"
#include "..." search starts here:
#include <...> search starts here:
 /usr/include/c++/10
 /usr/include/x86_64-linux-gnu/c++/10
 /usr/include/c++/10/backward
 /usr/lib/gcc/x86_64-linux-gnu/10/include
 /usr/local/include
 /usr/include/x86_64-linux-gnu
 /usr/include
End of search list.

Time variable                                   usr           sys          wall               GGC
 phase setup                        :   0.02 (100%)   0.01 (100%)   0.04 (100%)    3010 kB (100%)
 TOTAL                              :   0.02          0.01          0.04           3021 kB
COLLECT_GCC_OPTIONS='-Wall' '-Wextra' '-Wpedantic' '-v' '-save-temps' '-ftime-report' '-o' 'build/log_component.exe' '-shared-libgcc' '-mtune=generic' '-march=x86-64'
 /usr/lib/gcc/x86_64-linux-gnu/10/cc1plus -fpreprocessed log_main.ii -quiet -dumpbase log_main.cpp -mtune=generic -march=x86-64 -auxbase log_main -Wall -Wextra -Wpedantic -version -ftime-report -fasynchronous-unwind-tables -fstack-protector-strong -Wformat-security -fstack-clash-protection -fcf-protection -o log_main.s
GNU C++14 (Ubuntu 10.5.0-1ubuntu1~20.04) version 10.5.0 (x86_64-linux-gnu)
	compiled by GNU C version 10.5.0, GMP version 6.2.0, MPFR version 4.0.2, MPC version 1.1.0, isl version isl-0.22.1-GMP

GGC heuristics: --param ggc-min-expand=100 --param ggc-min-heapsize=131072
GNU C++14 (Ubuntu 10.5.0-1ubuntu1~20.04) version 10.5.0 (x86_64-linux-gnu)
	compiled by GNU C version 10.5.0, GMP version 6.2.0, MPFR version 4.0.2, MPC version 1.1.0, isl version isl-0.22.1-GMP

GGC heuristics: --param ggc-min-expand=100 --param ggc-min-heapsize=131072
Compiler executable checksum: 99fb41dde442999632e2a9da834ed487

Time variable                                   usr           sys          wall               GGC
 phase setup                        :   0.00 (  0%)   0.00 (  0%)   0.01 (  2%)    1491 kB (  3%)
 phase parsing                      :   0.23 ( 77%)   0.14 ( 88%)   0.38 ( 83%)   44579 kB ( 84%)
 phase lang. deferred               :   0.04 ( 13%)   0.01 (  6%)   0.04 (  9%)    4535 kB (  9%)
 phase opt and generate             :   0.03 ( 10%)   0.01 (  6%)   0.03 (  7%)    2386 kB (  5%)
 |name lookup                       :   0.07 ( 23%)   0.01 (  6%)   0.06 ( 13%)    2181 kB (  4%)
 |overload resolution               :   0.06 ( 20%)   0.01 (  6%)   0.04 (  9%)    4432 kB (  8%)
 callgraph construction             :   0.01 (  3%)   0.00 (  0%)   0.01 (  2%)     414 kB (  1%)
 preprocessing                      :   0.02 (  7%)   0.02 ( 12%)   0.04 (  9%)     576 kB (  1%)
 parser (global)                    :   0.04 ( 13%)   0.05 ( 31%)   0.12 ( 26%)   14961 kB ( 28%)
 parser struct body                 :   0.04 ( 13%)   0.02 ( 13%)   0.06 ( 13%)    9102 kB ( 17%)
 parser function body               :   0.00 (  0%)   0.00 (  0%)   0.02 (  4%)    2292 kB (  4%)
 parser inl. func. body             :   0.00 (  0%)   0.00 (  0%)   0.02 (  4%)    1646 kB (  3%)
 parser inl. meth. body             :   0.05 ( 17%)   0.02 ( 13%)   0.03 (  7%)    4364 kB (  8%)
 template instantiation             :   0.11 ( 37%)   0.04 ( 25%)   0.12 ( 26%)   15893 kB ( 30%)
 constant expression evaluation     :   0.01 (  3%)   0.00 (  0%)   0.01 (  2%)     163 kB (  0%)
 expand vars                        :   0.00 (  0%)   0.01 (  6%)   0.00 (  0%)      19 kB (  0%)
 expand                             :   0.00 (  0%)   0.00 (  0%)   0.01 (  2%)     297 kB (  1%)
 integrated RA                      :   0.01 (  3%)   0.00 (  0%)   0.00 (  0%)     655 kB (  1%)
 shorten branches                   :   0.00 (  0%)   0.00 (  0%)   0.01 (  2%)       0 kB (  0%)
 rest of compilation                :   0.01 (  3%)   0.00 (  0%)   0.00 (  0%)      92 kB (  0%)
 TOTAL                              :   0.30          0.16          0.46          53004 kB
COLLECT_GCC_OPTIONS='-Wall' '-Wextra' '-Wpedantic' '-v' '-save-temps' '-ftime-report' '-o' 'build/log_component.exe' '-shared-libgcc' '-mtune=generic' '-march=x86-64'
 as -v --64 -o log_main.o log_main.s
GNU assembler version 2.34 (x86_64-linux-gnu) using BFD version (GNU Binutils for Ubuntu) 2.34
COMPILER_PATH=/usr/lib/gcc/x86_64-linux-gnu/10/:/usr/lib/gcc/x86_64-linux-gnu/10/:/usr/lib/gcc/x86_64-linux-gnu/:/usr/lib/gcc/x86_64-linux-gnu/10/:/usr/lib/gcc/x86_64-linux-gnu/
LIBRARY_PATH=/usr/lib/gcc/x86_64-linux-gnu/10/:/usr/lib/gcc/x86_64-linux-gnu/10/../../../x86_64-linux-gnu/:/usr/lib/gcc/x86_64-linux-gnu/10/../../../../lib/:/lib/x86_64-linux-gnu/:/lib/../lib/:/usr/lib/x86_64-linux-gnu/:/usr/lib/../lib/:/usr/lib/gcc/x86_64-linux-gnu/10/../../../:/lib/:/usr/lib/
COLLECT_GCC_OPTIONS='-Wall' '-Wextra' '-Wpedantic' '-v' '-save-temps' '-ftime-report' '-o' 'build/log_component.exe' '-shared-libgcc' '-mtune=generic' '-march=x86-64'
 /usr/lib/gcc/x86_64-linux-gnu/10/collect2 -plugin /usr/lib/gcc/x86_64-linux-gnu/10/liblto_plugin.so -plugin-opt=/usr/lib/gcc/x86_64-linux-gnu/10/lto-wrapper -plugin-opt=-fresolution=log_main.res -plugin-opt=-pass-through=-lgcc_s -plugin-opt=-pass-through=-lgcc -plugin-opt=-pass-through=-lc -plugin-opt=-pass-through=-lgcc_s -plugin-opt=-pass-through=-lgcc --build-id --eh-frame-hdr -m elf_x86_64 --hash-style=gnu --as-needed -dynamic-linker /lib64/ld-linux-x86-64.so.2 -pie -z now -z relro -o build/log_component.exe /usr/lib/gcc/x86_64-linux-gnu/10/../../../x86_64-linux-gnu/Scrt1.o /usr/lib/gcc/x86_64-linux-gnu/10/../../../x86_64-linux-gnu/crti.o /usr/lib/gcc/x86_64-linux-gnu/10/crtbeginS.o -L/usr/lib/gcc/x86_64-linux-gnu/10 -L/usr/lib/gcc/x86_64-linux-gnu/10/../../../x86_64-linux-gnu -L/usr/lib/gcc/x86_64-linux-gnu/10/../../../../lib -L/lib/x86_64-linux-gnu -L/lib/../lib -L/usr/lib/x86_64-linux-gnu -L/usr/lib/../lib -L/usr/lib/gcc/x86_64-linux-gnu/10/../../.. log_main.o -lstdc++ -lm -lgcc_s -lgcc -lc -lgcc_s -lgcc /usr/lib/gcc/x86_64-linux-gnu/10/crtendS.o /usr/lib/gcc/x86_64-linux-gnu/10/../../../x86_64-linux-gnu/crtn.o
COLLECT_GCC_OPTIONS='-Wall' '-Wextra' '-Wpedantic' '-v' '-save-temps' '-ftime-report' '-o' 'build/log_component.exe' '-shared-libgcc' '-mtune=generic' '-march=x86-64'
